TN:
SF:./dist/react-form-generator.global.min.js
FN:1,e
FN:1,i
FN:1,(anonymous_3)
FN:1,(anonymous_4)
FN:1,t
FN:1,(anonymous_6)
FN:1,n
FN:1,(anonymous_8)
FN:1,(anonymous_9)
FN:1,(anonymous_10)
FN:1,(anonymous_11)
FN:1,(anonymous_12)
FN:1,(anonymous_13)
FN:1,(anonymous_14)
FN:1,(anonymous_15)
FN:1,(anonymous_16)
FN:1,(anonymous_17)
FN:1,(anonymous_18)
FN:1,(anonymous_19)
FN:1,(anonymous_20)
FN:1,(anonymous_21)
FN:1,(anonymous_22)
FN:1,(anonymous_23)
FN:1,(anonymous_24)
FN:1,(anonymous_25)
FN:1,(anonymous_26)
FN:1,(anonymous_27)
FN:1,(anonymous_28)
FN:1,(anonymous_29)
FN:1,(anonymous_30)
FN:1,(anonymous_31)
FN:1,(anonymous_32)
FN:1,(anonymous_33)
FN:1,(anonymous_34)
FN:1,(anonymous_35)
FN:1,(anonymous_36)
FN:1,(anonymous_37)
FN:1,(anonymous_38)
FN:1,(anonymous_39)
FN:1,(anonymous_40)
FN:1,(anonymous_41)
FN:1,(anonymous_42)
FN:1,(anonymous_43)
FN:1,(anonymous_44)
FN:1,(anonymous_45)
FN:1,(anonymous_46)
FN:1,(anonymous_47)
FN:1,(anonymous_48)
FN:1,(anonymous_49)
FN:1,(anonymous_50)
FN:1,(anonymous_51)
FN:1,(anonymous_52)
FN:1,(anonymous_53)
FN:1,(anonymous_54)
FN:1,o
FN:1,(anonymous_56)
FN:1,(anonymous_57)
FN:1,(anonymous_58)
FN:1,(anonymous_59)
FN:1,(anonymous_60)
FN:1,(anonymous_61)
FN:1,(anonymous_62)
FN:1,(anonymous_63)
FN:1,(anonymous_64)
FN:1,(anonymous_65)
FN:1,(anonymous_66)
FN:1,(anonymous_67)
FN:1,(anonymous_68)
FN:1,(anonymous_69)
FN:1,(anonymous_70)
FN:1,(anonymous_71)
FN:1,(anonymous_72)
FN:1,(anonymous_73)
FN:1,(anonymous_74)
FN:1,(anonymous_75)
FN:1,(anonymous_76)
FN:1,(anonymous_77)
FN:1,(anonymous_78)
FN:1,(anonymous_79)
FN:1,(anonymous_80)
FN:1,t
FN:1,(anonymous_82)
FN:1,(anonymous_83)
FN:1,(anonymous_84)
FN:1,(anonymous_85)
FN:1,(anonymous_86)
FN:1,(anonymous_87)
FN:1,t
FN:1,r
FN:1,i
FN:1,a
FN:1,s
FN:1,o
FN:1,l
FN:1,(anonymous_95)
FN:1,u
FN:1,c
FN:1,d
FN:1,f
FN:1,r
FN:1,h
FN:1,p
FN:1,(anonymous_103)
FN:1,(anonymous_104)
FN:1,t
FN:1,(anonymous_106)
FN:1,(anonymous_107)
FN:1,t
FN:1,(anonymous_109)
FN:1,(anonymous_110)
FN:1,(anonymous_111)
FN:1,a
FN:1,(anonymous_113)
FN:1,(anonymous_114)
FN:1,s
FN:1,o
FN:1,l
FN:1,(anonymous_118)
FN:1,(anonymous_119)
FN:1,u
FN:1,c
FN:1,(anonymous_122)
FN:1,d
FN:1,(anonymous_124)
FN:1,f
FN:1,(anonymous_126)
FN:1,(anonymous_127)
FN:1,(anonymous_128)
FN:1,(anonymous_129)
FN:1,(anonymous_130)
FN:1,(anonymous_131)
FN:1,(anonymous_132)
FN:1,(anonymous_133)
FN:1,(anonymous_134)
FN:1,(anonymous_135)
FN:1,(anonymous_136)
FNF:136
FNH:8
FNDA:1,e
FNDA:7,i
FNDA:6,(anonymous_3)
FNDA:0,(anonymous_4)
FNDA:0,t
FNDA:1,(anonymous_6)
FNDA:0,n
FNDA:0,(anonymous_8)
FNDA:0,(anonymous_9)
FNDA:0,(anonymous_10)
FNDA:0,(anonymous_11)
FNDA:0,(anonymous_12)
FNDA:0,(anonymous_13)
FNDA:0,(anonymous_14)
FNDA:0,(anonymous_15)
FNDA:0,(anonymous_16)
FNDA:0,(anonymous_17)
FNDA:0,(anonymous_18)
FNDA:0,(anonymous_19)
FNDA:0,(anonymous_20)
FNDA:0,(anonymous_21)
FNDA:0,(anonymous_22)
FNDA:0,(anonymous_23)
FNDA:0,(anonymous_24)
FNDA:0,(anonymous_25)
FNDA:0,(anonymous_26)
FNDA:0,(anonymous_27)
FNDA:0,(anonymous_28)
FNDA:0,(anonymous_29)
FNDA:0,(anonymous_30)
FNDA:0,(anonymous_31)
FNDA:0,(anonymous_32)
FNDA:0,(anonymous_33)
FNDA:0,(anonymous_34)
FNDA:0,(anonymous_35)
FNDA:0,(anonymous_36)
FNDA:0,(anonymous_37)
FNDA:0,(anonymous_38)
FNDA:0,(anonymous_39)
FNDA:0,(anonymous_40)
FNDA:0,(anonymous_41)
FNDA:0,(anonymous_42)
FNDA:0,(anonymous_43)
FNDA:0,(anonymous_44)
FNDA:0,(anonymous_45)
FNDA:0,(anonymous_46)
FNDA:0,(anonymous_47)
FNDA:0,(anonymous_48)
FNDA:0,(anonymous_49)
FNDA:0,(anonymous_50)
FNDA:0,(anonymous_51)
FNDA:0,(anonymous_52)
FNDA:0,(anonymous_53)
FNDA:0,(anonymous_54)
FNDA:0,o
FNDA:0,(anonymous_56)
FNDA:0,(anonymous_57)
FNDA:0,(anonymous_58)
FNDA:0,(anonymous_59)
FNDA:0,(anonymous_60)
FNDA:0,(anonymous_61)
FNDA:0,(anonymous_62)
FNDA:0,(anonymous_63)
FNDA:0,(anonymous_64)
FNDA:0,(anonymous_65)
FNDA:0,(anonymous_66)
FNDA:0,(anonymous_67)
FNDA:0,(anonymous_68)
FNDA:0,(anonymous_69)
FNDA:0,(anonymous_70)
FNDA:0,(anonymous_71)
FNDA:0,(anonymous_72)
FNDA:0,(anonymous_73)
FNDA:0,(anonymous_74)
FNDA:0,(anonymous_75)
FNDA:0,(anonymous_76)
FNDA:0,(anonymous_77)
FNDA:0,(anonymous_78)
FNDA:0,(anonymous_79)
FNDA:0,(anonymous_80)
FNDA:0,t
FNDA:0,(anonymous_82)
FNDA:0,(anonymous_83)
FNDA:0,(anonymous_84)
FNDA:0,(anonymous_85)
FNDA:0,(anonymous_86)
FNDA:1,(anonymous_87)
FNDA:0,t
FNDA:0,r
FNDA:0,i
FNDA:0,a
FNDA:0,s
FNDA:0,o
FNDA:0,l
FNDA:0,(anonymous_95)
FNDA:0,u
FNDA:0,c
FNDA:0,d
FNDA:0,f
FNDA:0,r
FNDA:0,h
FNDA:0,p
FNDA:1,(anonymous_103)
FNDA:1,(anonymous_104)
FNDA:0,t
FNDA:0,(anonymous_106)
FNDA:1,(anonymous_107)
FNDA:0,t
FNDA:0,(anonymous_109)
FNDA:0,(anonymous_110)
FNDA:0,(anonymous_111)
FNDA:0,a
FNDA:0,(anonymous_113)
FNDA:0,(anonymous_114)
FNDA:0,s
FNDA:0,o
FNDA:0,l
FNDA:0,(anonymous_118)
FNDA:0,(anonymous_119)
FNDA:0,u
FNDA:0,c
FNDA:0,(anonymous_122)
FNDA:0,d
FNDA:0,(anonymous_124)
FNDA:0,f
FNDA:0,(anonymous_126)
FNDA:0,(anonymous_127)
FNDA:0,(anonymous_128)
FNDA:0,(anonymous_129)
FNDA:0,(anonymous_130)
FNDA:0,(anonymous_131)
FNDA:0,(anonymous_132)
FNDA:0,(anonymous_133)
FNDA:0,(anonymous_134)
FNDA:0,(anonymous_135)
FNDA:0,(anonymous_136)
DA:1,7
LF:1
LH:1
BRDA:1,1,0,5
BRDA:1,1,1,2
BRDA:1,2,0,0
BRDA:1,2,1,5
BRDA:1,3,0,0
BRDA:1,3,1,0
BRDA:1,4,0,0
BRDA:1,4,1,0
BRDA:1,5,0,0
BRDA:1,5,1,0
BRDA:1,6,0,0
BRDA:1,6,1,0
BRDA:1,7,0,6
BRDA:1,7,1,0
BRDA:1,8,0,0
BRDA:1,8,1,0
BRDA:1,9,0,0
BRDA:1,9,1,0
BRDA:1,10,0,0
BRDA:1,10,1,0
BRDA:1,11,0,0
BRDA:1,11,1,0
BRDA:1,12,0,0
BRDA:1,12,1,0
BRDA:1,13,0,0
BRDA:1,13,1,0
BRDA:1,13,2,0
BRDA:1,14,0,0
BRDA:1,14,1,0
BRDA:1,14,2,0
BRDA:1,15,0,0
BRDA:1,15,1,0
BRDA:1,16,0,0
BRDA:1,16,1,0
BRDA:1,17,0,0
BRDA:1,17,1,0
BRDA:1,18,0,0
BRDA:1,18,1,0
BRDA:1,19,0,0
BRDA:1,19,1,0
BRDA:1,20,0,0
BRDA:1,20,1,0
BRDA:1,21,0,0
BRDA:1,21,1,0
BRDA:1,22,0,0
BRDA:1,22,1,0
BRDA:1,23,0,0
BRDA:1,23,1,0
BRDA:1,24,0,0
BRDA:1,24,1,0
BRDA:1,25,0,0
BRDA:1,25,1,0
BRDA:1,26,0,0
BRDA:1,26,1,0
BRDA:1,27,0,0
BRDA:1,27,1,0
BRDA:1,28,0,0
BRDA:1,28,1,0
BRDA:1,29,0,0
BRDA:1,29,1,0
BRDA:1,30,0,0
BRDA:1,30,1,0
BRDA:1,31,0,0
BRDA:1,31,1,0
BRDA:1,32,0,0
BRDA:1,32,1,0
BRDA:1,33,0,0
BRDA:1,33,1,0
BRDA:1,34,0,0
BRDA:1,34,1,0
BRDA:1,35,0,0
BRDA:1,35,1,0
BRDA:1,36,0,0
BRDA:1,36,1,0
BRDA:1,37,0,0
BRDA:1,37,1,0
BRDA:1,38,0,0
BRDA:1,38,1,0
BRDA:1,39,0,0
BRDA:1,39,1,0
BRDA:1,40,0,0
BRDA:1,40,1,0
BRDA:1,41,0,0
BRDA:1,41,1,0
BRDA:1,42,0,0
BRDA:1,42,1,0
BRDA:1,43,0,0
BRDA:1,43,1,0
BRDA:1,44,0,0
BRDA:1,44,1,0
BRDA:1,45,0,0
BRDA:1,45,1,0
BRDA:1,46,0,0
BRDA:1,46,1,0
BRDA:1,47,0,0
BRDA:1,47,1,0
BRDA:1,48,0,0
BRDA:1,48,1,0
BRDA:1,49,0,0
BRDA:1,49,1,0
BRDA:1,50,0,0
BRDA:1,50,1,0
BRDA:1,51,0,0
BRDA:1,51,1,0
BRDA:1,52,0,0
BRDA:1,52,1,0
BRDA:1,53,0,0
BRDA:1,53,1,0
BRDA:1,54,0,0
BRDA:1,54,1,0
BRDA:1,55,0,0
BRDA:1,55,1,0
BRDA:1,56,0,0
BRDA:1,56,1,0
BRDA:1,57,0,0
BRDA:1,57,1,0
BRDA:1,58,0,0
BRDA:1,58,1,0
BRDA:1,59,0,0
BRDA:1,59,1,0
BRDA:1,60,0,0
BRDA:1,60,1,0
BRDA:1,61,0,0
BRDA:1,61,1,0
BRDA:1,62,0,0
BRDA:1,62,1,0
BRDA:1,63,0,0
BRDA:1,63,1,0
BRDA:1,64,0,0
BRDA:1,64,1,0
BRDA:1,65,0,0
BRDA:1,65,1,0
BRDA:1,66,0,0
BRDA:1,66,1,0
BRDA:1,67,0,0
BRDA:1,67,1,0
BRDA:1,68,0,0
BRDA:1,68,1,0
BRDA:1,69,0,0
BRDA:1,69,1,0
BRDA:1,70,0,0
BRDA:1,70,1,0
BRDA:1,71,0,0
BRDA:1,71,1,0
BRDA:1,72,0,0
BRDA:1,72,1,0
BRDA:1,72,2,0
BRDA:1,73,0,0
BRDA:1,73,1,0
BRDA:1,74,0,0
BRDA:1,74,1,0
BRDA:1,75,0,0
BRDA:1,75,1,0
BRDA:1,76,0,0
BRDA:1,76,1,0
BRDA:1,77,0,0
BRDA:1,77,1,0
BRDA:1,78,0,0
BRDA:1,78,1,0
BRF:159
BRH:4
end_of_record
